<?xml version="1.0" encoding="UTF-8"?>
<!-- Generated by org.testng.reporters.JUnitReportReporter -->
<testsuite hostname="LAPTOP-QHMIOBC5" failures="0" tests="1" name="programsOnArrays.FirstMaxNumOfArrayWithOutBubbleSort" time="0.009" errors="0" timestamp="2023-12-06T17:21:18 IST" skipped="0">
  <testcase classname="programsOnArrays.FirstMaxNumOfArrayWithOutBubbleSort" name="firstMaxNumOfArrayWithOutBubbleSort" time="0.009"/>
  <system-out/>
</testsuite> <!-- programsOnArrays.FirstMaxNumOfArrayWithOutBubbleSort -->
