<?xml version="1.0" encoding="UTF-8"?>
<!-- Generated by org.testng.reporters.JUnitReportReporter -->
<testsuite hostname="LAPTOP-QHMIOBC5" failures="0" tests="1" name="programsOnString.ReversString2" time="0.010" errors="0" timestamp="2023-12-07T10:32:19 IST" skipped="0">
  <testcase classname="programsOnString.ReversString2" name="reversString2" time="0.010"/>
  <system-out/>
</testsuite> <!-- programsOnString.ReversString2 -->
