<?xml version="1.0" encoding="UTF-8"?>
<!-- Generated by org.testng.reporters.JUnitReportReporter -->
<testsuite hostname="LAPTOP-QHMIOBC5" failures="0" tests="1" name="o9Solutions.Prasad160740" time="6.154" errors="0" timestamp="2024-01-16T15:27:01 IST" skipped="0">
  <testcase classname="o9Solutions.Prasad160740" name="incognitoChrome" time="6.154"/>
  <system-out/>
</testsuite> <!-- o9Solutions.Prasad160740 -->
