<?xml version="1.0" encoding="UTF-8"?>
<!-- Generated by org.testng.reporters.JUnitReportReporter -->
<testsuite hostname="LAPTOP-QHMIOBC5" failures="0" tests="1" name="programsOnArrays.FrequentlyRepeatingNumberInArray2" time="0.011" errors="0" timestamp="2024-01-09T11:25:44 IST" skipped="0">
  <testcase classname="programsOnArrays.FrequentlyRepeatingNumberInArray2" name="frequentlyRepeatingNumberInArray2" time="0.011"/>
  <system-out/>
</testsuite> <!-- programsOnArrays.FrequentlyRepeatingNumberInArray2 -->
