<?xml version="1.0" encoding="UTF-8"?>
<!-- Generated by org.testng.reporters.JUnitReportReporter -->
<testsuite hostname="LAPTOP-QHMIOBC5" failures="0" tests="2" name="programsOnString.FindMaxLengthValuesInAStringArray" time="0.011" errors="0" timestamp="2023-12-08T11:08:01 IST" skipped="0">
  <testcase classname="programsOnString.FindMaxLengthValuesInAStringArray" name="findMaxLengthValuesInAStringArray" time="0.010"/>
  <system-out/>
  <testcase classname="programsOnString.FindMaxLengthValuesInAStringArray" name="findMaxLengthValuesInAStringArray1" time="0.001"/>
  <system-out/>
</testsuite> <!-- programsOnString.FindMaxLengthValuesInAStringArray -->
