<?xml version="1.0" encoding="UTF-8"?>
<!-- Generated by org.testng.reporters.JUnitReportReporter -->
<testsuite hostname="LAPTOP-QHMIOBC5" failures="0" tests="1" name="programsOnArrays.CombinationOfTwoNumSumIs_11" time="0.011" errors="0" timestamp="2024-01-09T11:14:29 IST" skipped="0">
  <testcase classname="programsOnArrays.CombinationOfTwoNumSumIs_11" name="combinationOfTwoNumSumIs_11" time="0.011"/>
  <system-out/>
</testsuite> <!-- programsOnArrays.CombinationOfTwoNumSumIs_11 -->
