<?xml version="1.0" encoding="UTF-8"?>
<!-- Generated by org.testng.reporters.JUnitReportReporter -->
<testsuite hostname="LAPTOP-QHMIOBC5" failures="0" tests="1" name="programs_Patterns.Pattern7" time="0.010" errors="0" timestamp="2024-01-09T15:46:31 IST" skipped="0">
  <testcase classname="programs_Patterns.Pattern7" name="pattern7" time="0.010"/>
  <system-out/>
</testsuite> <!-- programs_Patterns.Pattern7 -->
