<?xml version="1.0" encoding="UTF-8"?>
<!-- Generated by org.testng.reporters.JUnitReportReporter -->
<testsuite hostname="LAPTOP-QHMIOBC5" failures="0" tests="1" name="programsOnArrays.ArrayInAscendingOrder_BubbleSort" time="0.021" errors="0" timestamp="2023-12-10T14:03:59 IST" skipped="0">
  <testcase classname="programsOnArrays.ArrayInAscendingOrder_BubbleSort" name="arrayInAscendingOrder" time="0.021"/>
  <system-out/>
</testsuite> <!-- programsOnArrays.ArrayInAscendingOrder_BubbleSort -->
