<?xml version="1.0" encoding="UTF-8"?>
<!-- Generated by org.testng.reporters.JUnitReportReporter -->
<testsuite hostname="LAPTOP-QHMIOBC5" failures="0" tests="2" name="programsOnString.FindMinLengthValuesInAStringArray" time="0.012" errors="0" timestamp="2023-12-08T11:07:25 IST" skipped="0">
  <testcase classname="programsOnString.FindMinLengthValuesInAStringArray" name="findMinLengthValuesInAStringArray" time="0.010"/>
  <system-out/>
  <testcase classname="programsOnString.FindMinLengthValuesInAStringArray" name="findMinLengthValuesInAStringArray1" time="0.002"/>
  <system-out/>
</testsuite> <!-- programsOnString.FindMinLengthValuesInAStringArray -->
