<?xml version="1.0" encoding="UTF-8"?>
<!-- Generated by org.testng.reporters.JUnitReportReporter -->
<testsuite hostname="LAPTOP-QHMIOBC5" failures="0" tests="1" name="programsOnString.ActionsOnStringWithHashMap" time="0.013" errors="0" timestamp="2023-12-10T16:05:19 IST" skipped="0">
  <testcase classname="programsOnString.ActionsOnStringWithHashMap" name="uniqueWordsOfString" time="0.013"/>
  <system-out/>
</testsuite> <!-- programsOnString.ActionsOnStringWithHashMap -->
