<?xml version="1.0" encoding="UTF-8"?>
<!-- Generated by org.testng.reporters.JUnitReportReporter -->
<testsuite hostname="LAPTOP-QHMIOBC5" failures="0" tests="1" name="programsOnString.StringActions" time="0.010" errors="0" timestamp="2024-01-03T11:18:10 IST" skipped="0">
  <testcase classname="programsOnString.StringActions" name="characterAndItsOccuranceInAString3" time="0.010"/>
  <system-out/>
</testsuite> <!-- programsOnString.StringActions -->
