<?xml version="1.0" encoding="UTF-8"?>
<!-- Generated by org.testng.reporters.JUnitReportReporter -->
<testsuite hostname="LAPTOP-QHMIOBC5" failures="0" tests="1" name="programsOnString.AdditionOfSameIndexValuesOfArays" time="0.009" errors="0" timestamp="2023-12-11T16:44:23 IST" skipped="0">
  <testcase classname="programsOnString.AdditionOfSameIndexValuesOfArays" name="additionOfSameIndexValuesOfArays" time="0.009"/>
  <system-out/>
</testsuite> <!-- programsOnString.AdditionOfSameIndexValuesOfArays -->
