<?xml version="1.0" encoding="UTF-8"?>
<!-- Generated by org.testng.reporters.JUnitReportReporter -->
<testsuite hostname="LAPTOP-QHMIOBC5" failures="0" tests="1" name="programsOnString.MultipleStringOutPut" time="0.011" errors="0" timestamp="2024-01-16T11:05:30 IST" skipped="0">
  <testcase classname="programsOnString.MultipleStringOutPut" name="method" time="0.011"/>
  <system-out/>
</testsuite> <!-- programsOnString.MultipleStringOutPut -->
