<?xml version="1.0" encoding="UTF-8"?>
<!-- Generated by org.testng.reporters.JUnitReportReporter -->
<testsuite hostname="LAPTOP-QHMIOBC5" failures="0" tests="1" name="programsOnString.SegregationOfCharactersOfString" time="0.014" errors="0" timestamp="2023-12-10T17:00:15 IST" skipped="0">
  <testcase classname="programsOnString.SegregationOfCharactersOfString" name="segregationOfCharactersOfString" time="0.014"/>
  <system-out/>
</testsuite> <!-- programsOnString.SegregationOfCharactersOfString -->
