<?xml version="1.0" encoding="UTF-8"?>
<!-- Generated by org.testng.reporters.JUnitReportReporter -->
<testsuite hostname="LAPTOP-QHMIOBC5" failures="0" tests="1" name="programsOnArrays.ArrayInDescendingOrder_BubbleSort" time="0.010" errors="0" timestamp="2023-12-06T16:31:13 IST" skipped="0">
  <testcase classname="programsOnArrays.ArrayInDescendingOrder_BubbleSort" name="arrayInDescendingOrder" time="0.010"/>
  <system-out/>
</testsuite> <!-- programsOnArrays.ArrayInDescendingOrder_BubbleSort -->
