<?xml version="1.0" encoding="UTF-8"?>
<!-- Generated by org.testng.reporters.JUnitReportReporter -->
<testsuite hostname="LAPTOP-QHMIOBC5" failures="0" tests="1" name="programsOnArrays.DisplayDuolicateDataPositionInArray" time="0.009" errors="0" timestamp="2024-01-19T14:32:21 IST" skipped="0">
  <testcase classname="programsOnArrays.DisplayDuolicateDataPositionInArray" name="m1" time="0.009"/>
  <system-out/>
</testsuite> <!-- programsOnArrays.DisplayDuolicateDataPositionInArray -->
