<?xml version="1.0" encoding="UTF-8"?>
<!-- Generated by org.testng.reporters.JUnitReportReporter -->
<testsuite hostname="LAPTOP-QHMIOBC5" failures="0" tests="1" name="programsOnString.ProgramToCheckPresenceOfWordInSentence" time="0.010" errors="0" timestamp="2024-01-16T10:44:23 IST" skipped="0">
  <testcase classname="programsOnString.ProgramToCheckPresenceOfWordInSentence" name="programToFindUpperAndLowerCaseLettersInStringUsingPatternAndMatcher" time="0.010"/>
  <system-out/>
</testsuite> <!-- programsOnString.ProgramToCheckPresenceOfWordInSentence -->
