<?xml version="1.0" encoding="UTF-8"?>
<!-- Generated by org.testng.reporters.JUnitReportReporter -->
<testsuite hostname="LAPTOP-QHMIOBC5" failures="0" tests="4" name="hrm_EPS_ParallelTests.Class1Test" time="37.949" errors="0" timestamp="2024-01-21T12:57:30 IST" skipped="0">
  <testcase classname="hrm_EPS_ParallelTests.Class1Test" name="clickOnLeave" time="8.072"/>
  <system-out/>
  <testcase classname="hrm_EPS_ParallelTests.Class1Test" name="pim" time="6.175"/>
  <system-out/>
  <testcase classname="hrm_EPS_ParallelTests.Class1Test" name="clickOnAdmin" time="8.290"/>
  <system-out/>
  <testcase classname="hrm_EPS_ParallelTests.Class1Test" name="clickOnTime" time="15.412"/>
  <system-out/>
</testsuite> <!-- hrm_EPS_ParallelTests.Class1Test -->
