<?xml version="1.0" encoding="UTF-8"?>
<!-- Generated by org.testng.reporters.JUnitReportReporter -->
<testsuite hostname="LAPTOP-QHMIOBC5" failures="0" tests="1" name="programsOnArrays.FirstAndSecondMinNumbersWithoutBubblesort" time="0.009" errors="0" timestamp="2023-12-15T17:13:48 IST" skipped="0">
  <testcase classname="programsOnArrays.FirstAndSecondMinNumbersWithoutBubblesort" name="firstAndSecondMinNumbersWithoutBubblesort" time="0.009"/>
  <system-out/>
</testsuite> <!-- programsOnArrays.FirstAndSecondMinNumbersWithoutBubblesort -->
