<?xml version="1.0" encoding="UTF-8"?>
<!-- Generated by org.testng.reporters.JUnitReportReporter -->
<testsuite hostname="LAPTOP-QHMIOBC5" failures="0" tests="2" name="programsOnString.SwapFirstAndLastWordsInAString" time="0.012" errors="0" timestamp="2023-12-07T17:01:26 IST" skipped="0">
  <testcase classname="programsOnString.SwapFirstAndLastWordsInAString" name="swapFirstAndLastWordsInAString1" time="0.001"/>
  <system-out/>
  <testcase classname="programsOnString.SwapFirstAndLastWordsInAString" name="swapFirstAndLastWordsInAString" time="0.011"/>
  <system-out/>
</testsuite> <!-- programsOnString.SwapFirstAndLastWordsInAString -->
