<?xml version="1.0" encoding="UTF-8"?>
<!-- Generated by org.testng.reporters.JUnitReportReporter -->
<testsuite hostname="LAPTOP-QHMIOBC5" failures="0" tests="1" name="programsOnArrays.ProductofFirstThreeMaxNumOfArray" time="0.016" errors="0" timestamp="2023-12-06T16:42:05 IST" skipped="0">
  <testcase classname="programsOnArrays.ProductofFirstThreeMaxNumOfArray" name="productofFirstThreeMaxNumOfArray" time="0.016"/>
  <system-out/>
</testsuite> <!-- programsOnArrays.ProductofFirstThreeMaxNumOfArray -->
