<?xml version="1.0" encoding="UTF-8"?>
<!-- Generated by org.testng.reporters.JUnitReportReporter -->
<testsuite hostname="LAPTOP-QHMIOBC5" failures="0" tests="4" name="programsOnString.Actions_Array" time="0.020" errors="0" timestamp="2023-12-07T23:04:21 IST" skipped="0">
  <testcase classname="programsOnString.Actions_Array" name="removeDuplicateNumbers" time="0.002"/>
  <system-out/>
  <testcase classname="programsOnString.Actions_Array" name="uniqueNumbersOfArray" time="0.001"/>
  <system-out/>
  <testcase classname="programsOnString.Actions_Array" name="duplicateNumbersOfArray" time="0.014"/>
  <system-out/>
  <testcase classname="programsOnString.Actions_Array" name="occuranceOfNumbers" time="0.003"/>
  <system-out/>
</testsuite> <!-- programsOnString.Actions_Array -->
