<?xml version="1.0" encoding="UTF-8"?>
<!-- Generated by org.testng.reporters.JUnitReportReporter -->
<testsuite hostname="LAPTOP-QHMIOBC5" failures="0" tests="1" name="programsOnString.Actions_StringWithHashMap" time="0.011" errors="0" timestamp="2023-12-08T07:57:49 IST" skipped="0">
  <testcase classname="programsOnString.Actions_StringWithHashMap" name="removeDuplicateWords" time="0.011"/>
  <system-out/>
</testsuite> <!-- programsOnString.Actions_StringWithHashMap -->
