<?xml version="1.0" encoding="UTF-8"?>
<!-- Generated by org.testng.reporters.JUnitReportReporter -->
<testsuite hostname="LAPTOP-QHMIOBC5" failures="0" tests="4" name="programsOnString.Actions_StringWithOutHashMap" time="0.012" errors="0" timestamp="2023-12-08T07:46:22 IST" skipped="0">
  <testcase classname="programsOnString.Actions_StringWithOutHashMap" name="occuranceOfWords" time="0.001"/>
  <system-out/>
  <testcase classname="programsOnString.Actions_StringWithOutHashMap" name="removeDuplicateWords" time="0.001"/>
  <system-out/>
  <testcase classname="programsOnString.Actions_StringWithOutHashMap" name="duplicateWordsOfArray" time="0.009"/>
  <system-out/>
  <testcase classname="programsOnString.Actions_StringWithOutHashMap" name="uniqueWordsOfArray" time="0.001"/>
  <system-out/>
</testsuite> <!-- programsOnString.Actions_StringWithOutHashMap -->
