<?xml version="1.0" encoding="UTF-8"?>
<!-- Generated by org.testng.reporters.JUnitReportReporter -->
<testsuite hostname="LAPTOP-QHMIOBC5" failures="0" tests="1" name="programs_Maths.PrimeNumbersBetweenARange" time="0.013" errors="0" timestamp="2023-12-08T15:13:05 IST" skipped="0">
  <testcase classname="programs_Maths.PrimeNumbersBetweenARange" name="primeNumbersBetweenARange" time="0.013"/>
  <system-out/>
</testsuite> <!-- programs_Maths.PrimeNumbersBetweenARange -->
