<?xml version="1.0" encoding="UTF-8"?>
<!-- Generated by org.testng.reporters.JUnitReportReporter -->
<testsuite hostname="LAPTOP-QHMIOBC5" failures="0" tests="1" name="java_practice.ReadDataFromTextFile" time="0.038" errors="0" timestamp="2024-01-08T14:45:22 IST" skipped="0">
  <testcase classname="java_practice.ReadDataFromTextFile" name="readTextFileData" time="0.038"/>
  <system-out/>
</testsuite> <!-- java_practice.ReadDataFromTextFile -->
