<?xml version="1.0" encoding="UTF-8"?>
<!-- Generated by org.testng.reporters.JUnitReportReporter -->
<testsuite hostname="LAPTOP-QHMIOBC5" failures="0" tests="1" name="programsOnString.UniqueCharactersInString" time="0.012" errors="0" timestamp="2023-12-10T15:56:22 IST" skipped="0">
  <testcase classname="programsOnString.UniqueCharactersInString" name="uniqueCharactersInString" time="0.012"/>
  <system-out/>
</testsuite> <!-- programsOnString.UniqueCharactersInString -->
