<?xml version="1.0" encoding="UTF-8"?>
<!-- Generated by org.testng.reporters.JUnitReportReporter -->
<testsuite hostname="LAPTOP-QHMIOBC5" failures="0" tests="1" name="scenario.TestVideos" time="0.011" errors="0" timestamp="2024-01-18T09:30:56 IST" skipped="0">
  <testcase classname="scenario.TestVideos" name="m1" time="0.011"/>
  <system-out/>
</testsuite> <!-- scenario.TestVideos -->
