<?xml version="1.0" encoding="UTF-8"?>
<!-- Generated by org.testng.reporters.JUnitReportReporter -->
<testsuite hostname="LAPTOP-QHMIOBC5" failures="0" tests="4" name="programsOnArrays.Actions_ArrayWithHashMap" time="0.014" errors="0" timestamp="2023-12-07T23:17:42 IST" skipped="0">
  <testcase classname="programsOnArrays.Actions_ArrayWithHashMap" name="uniqueNumbersOfArray" time="0.001"/>
  <system-out/>
  <testcase classname="programsOnArrays.Actions_ArrayWithHashMap" name="removeDuplicateNumbers" time="0.001"/>
  <system-out/>
  <testcase classname="programsOnArrays.Actions_ArrayWithHashMap" name="duplicateNumbersOfArray" time="0.011"/>
  <system-out/>
  <testcase classname="programsOnArrays.Actions_ArrayWithHashMap" name="occuranceOfNumbers" time="0.001"/>
  <system-out/>
</testsuite> <!-- programsOnArrays.Actions_ArrayWithHashMap -->
