<?xml version="1.0" encoding="UTF-8"?>
<!-- Generated by org.testng.reporters.JUnitReportReporter -->
<testsuite hostname="LAPTOP-QHMIOBC5" failures="0" tests="1" name="programs_Maths.Palindrome_Number" time="0.010" errors="0" timestamp="2023-12-08T14:57:59 IST" skipped="0">
  <testcase classname="programs_Maths.Palindrome_Number" name="palindrome_Number" time="0.010"/>
  <system-out/>
</testsuite> <!-- programs_Maths.Palindrome_Number -->
