<?xml version="1.0" encoding="UTF-8"?>
<!-- Generated by org.testng.reporters.JUnitReportReporter -->
<testsuite hostname="LAPTOP-QHMIOBC5" failures="0" tests="1" name="programsOnArrays.FindMissingNumbersInArray" time="0.010" errors="0" timestamp="2023-12-08T10:23:38 IST" skipped="0">
  <testcase classname="programsOnArrays.FindMissingNumbersInArray" name="findMissingNumbersInArray" time="0.010"/>
  <system-out/>
</testsuite> <!-- programsOnArrays.FindMissingNumbersInArray -->
