<?xml version="1.0" encoding="UTF-8"?>
<!-- Generated by org.testng.reporters.JUnitReportReporter -->
<testsuite hostname="LAPTOP-QHMIOBC5" failures="0" tests="1" name="o9Solutions.ReplaceMultipleSpacesWithSingleSpace" time="0.013" errors="0" timestamp="2024-01-16T18:21:38 IST" skipped="0">
  <testcase classname="o9Solutions.ReplaceMultipleSpacesWithSingleSpace" name="approach2" time="0.013"/>
  <system-out/>
</testsuite> <!-- o9Solutions.ReplaceMultipleSpacesWithSingleSpace -->
