<?xml version="1.0" encoding="UTF-8"?>
<!-- Generated by org.testng.reporters.JUnitReportReporter -->
<testsuite hostname="LAPTOP-QHMIOBC5" failures="0" tests="1" name="programsOnArrays.TransferAllZerosToEndOfArray" time="0.010" errors="0" timestamp="2024-01-09T10:38:52 IST" skipped="0">
  <testcase classname="programsOnArrays.TransferAllZerosToEndOfArray" name="transferAllZerosToEndOfArray" time="0.010"/>
  <system-out/>
</testsuite> <!-- programsOnArrays.TransferAllZerosToEndOfArray -->
