<?xml version="1.0" encoding="UTF-8"?>
<!-- Generated by org.testng.reporters.JUnitReportReporter -->
<testsuite hostname="LAPTOP-QHMIOBC5" failures="0" tests="1" name="programsOnString.ReverseString" time="0.009" errors="0" timestamp="2024-01-09T12:30:36 IST" skipped="0">
  <testcase classname="programsOnString.ReverseString" name="reverseStringWay5" time="0.009"/>
  <system-out/>
</testsuite> <!-- programsOnString.ReverseString -->
