<?xml version="1.0" encoding="UTF-8"?>
<!-- Generated by org.testng.reporters.JUnitReportReporter -->
<testsuite hostname="LAPTOP-QHMIOBC5" failures="0" tests="1" name="programsOnString.CharacterAndItsOccuranceInAString" time="0.016" errors="0" timestamp="2023-12-10T11:16:15 IST" skipped="0">
  <testcase classname="programsOnString.CharacterAndItsOccuranceInAString" name="characterAndItsOccuranceInAString1" time="0.016"/>
  <system-out/>
</testsuite> <!-- programsOnString.CharacterAndItsOccuranceInAString -->
