<?xml version="1.0" encoding="UTF-8"?>
<!-- Generated by org.testng.reporters.JUnitReportReporter -->
<testsuite hostname="LAPTOP-QHMIOBC5" failures="0" tests="1" name="programsOnArrays.ActionsOnArrayWithHashMap" time="0.008" errors="0" timestamp="2024-01-18T15:53:13 IST" skipped="0">
  <testcase classname="programsOnArrays.ActionsOnArrayWithHashMap" name="m1" time="0.008"/>
  <system-out/>
</testsuite> <!-- programsOnArrays.ActionsOnArrayWithHashMap -->
