<?xml version="1.0" encoding="UTF-8"?>
<!-- Generated by org.testng.reporters.JUnitReportReporter -->
<testsuite hostname="LAPTOP-QHMIOBC5" failures="0" tests="1" name="programs_Patterns.Pattern1" time="0.011" errors="0" timestamp="2024-01-09T15:37:10 IST" skipped="0">
  <testcase classname="programs_Patterns.Pattern1" name="pattern2" time="0.011"/>
  <system-out/>
</testsuite> <!-- programs_Patterns.Pattern1 -->
