<?xml version="1.0" encoding="UTF-8"?>
<!-- Generated by org.testng.reporters.JUnitReportReporter -->
<testsuite hostname="LAPTOP-QHMIOBC5" failures="0" tests="1" name="programsOnString.ReversWholeString" time="0.011" errors="0" timestamp="2024-01-09T12:19:41 IST" skipped="0">
  <testcase classname="programsOnString.ReversWholeString" name="reversWholeString" time="0.011"/>
  <system-out/>
</testsuite> <!-- programsOnString.ReversWholeString -->
