<?xml version="1.0" encoding="UTF-8"?>
<!-- Generated by org.testng.reporters.JUnitReportReporter -->
<testsuite hostname="LAPTOP-QHMIOBC5" failures="0" tests="1" name="scenario.TestVideos_ForWhile" time="0.010" errors="0" timestamp="2024-01-18T10:22:09 IST" skipped="0">
  <testcase classname="scenario.TestVideos_ForWhile" name="m1" time="0.010"/>
  <system-out/>
</testsuite> <!-- scenario.TestVideos_ForWhile -->
