<?xml version="1.0" encoding="UTF-8"?>
<!-- Generated by org.testng.reporters.JUnitReportReporter -->
<testsuite hostname="LAPTOP-QHMIOBC5" failures="0" tests="1" name="programsOnArrays.FirstMinNumOfArrayWithOutBubbleSort" time="0.009" errors="0" timestamp="2023-12-06T17:13:26 IST" skipped="0">
  <testcase classname="programsOnArrays.FirstMinNumOfArrayWithOutBubbleSort" name="firstMinNumOfArrayWithOutBubbleSort" time="0.009"/>
  <system-out/>
</testsuite> <!-- programsOnArrays.FirstMinNumOfArrayWithOutBubbleSort -->
