<?xml version="1.0" encoding="UTF-8"?>
<!-- Generated by org.testng.reporters.JUnitReportReporter -->
<testsuite hostname="LAPTOP-QHMIOBC5" failures="0" tests="1" name="programsOnString.SumOfDigitsInString" time="0.011" errors="0" timestamp="2023-12-08T10:41:00 IST" skipped="0">
  <testcase classname="programsOnString.SumOfDigitsInString" name="sumOfDigitsInString" time="0.011"/>
  <system-out/>
</testsuite> <!-- programsOnString.SumOfDigitsInString -->
