<?xml version="1.0" encoding="UTF-8"?>
<!-- Generated by org.testng.reporters.JUnitReportReporter -->
<testsuite hostname="LAPTOP-QHMIOBC5" failures="0" tests="1" name="programs_Maths.PrimeNumberOrNot" time="0.011" errors="0" timestamp="2023-12-08T15:16:37 IST" skipped="0">
  <testcase classname="programs_Maths.PrimeNumberOrNot" name="primeNumberOrNot" time="0.011"/>
  <system-out/>
</testsuite> <!-- programs_Maths.PrimeNumberOrNot -->
