<?xml version="1.0" encoding="UTF-8"?>
<!-- Generated by org.testng.reporters.JUnitReportReporter -->
<testsuite hostname="LAPTOP-QHMIOBC5" failures="0" tests="1" name="programsOnString.CheckEqualityOfTwoStringsWithoutWqualsMethod" time="0.009" errors="0" timestamp="2024-01-16T10:13:26 IST" skipped="0">
  <testcase classname="programsOnString.CheckEqualityOfTwoStringsWithoutWqualsMethod" name="checkEqualityOfTwoStringsWithoutWqualsMethod" time="0.009"/>
  <system-out/>
</testsuite> <!-- programsOnString.CheckEqualityOfTwoStringsWithoutWqualsMethod -->
