<?xml version="1.0" encoding="UTF-8"?>
<!-- Generated by org.testng.reporters.JUnitReportReporter -->
<testsuite hostname="LAPTOP-QHMIOBC5" failures="0" tests="1" name="programsOnString.CheckTwoStringsAreAnagramOrNot" time="0.012" errors="0" timestamp="2024-01-09T09:41:54 IST" skipped="0">
  <testcase classname="programsOnString.CheckTwoStringsAreAnagramOrNot" name="checkTwoStringsAreAnagramOrNot" time="0.012"/>
  <system-out/>
</testsuite> <!-- programsOnString.CheckTwoStringsAreAnagramOrNot -->
