<?xml version="1.0" encoding="UTF-8"?>
<!-- Generated by org.testng.reporters.JUnitReportReporter -->
<testsuite hostname="LAPTOP-QHMIOBC5" failures="0" tests="1" name="programsOnArrays.PrintAllTheNumbersContaining1FromGivenIntArray" time="0.010" errors="0" timestamp="2024-01-10T23:13:27 IST" skipped="0">
  <testcase classname="programsOnArrays.PrintAllTheNumbersContaining1FromGivenIntArray" name="method" time="0.010"/>
  <system-out/>
</testsuite> <!-- programsOnArrays.PrintAllTheNumbersContaining1FromGivenIntArray -->
