<?xml version="1.0" encoding="UTF-8"?>
<!-- Generated by org.testng.reporters.JUnitReportReporter -->
<testsuite hostname="LAPTOP-QHMIOBC5" failures="0" tests="1" name="programs_Maths.Print0th10th100th1000thPositionOfGivenNumber" time="0.008" errors="0" timestamp="2024-01-18T13:32:36 IST" skipped="0">
  <testcase classname="programs_Maths.Print0th10th100th1000thPositionOfGivenNumber" name="printUnitAnd10th100th1000thPositionOfGivenNumber" time="0.008"/>
  <system-out/>
</testsuite> <!-- programs_Maths.Print0th10th100th1000thPositionOfGivenNumber -->
