<?xml version="1.0" encoding="UTF-8"?>
<!-- Generated by org.testng.reporters.JUnitReportReporter -->
<testsuite hostname="LAPTOP-QHMIOBC5" failures="0" tests="1" name="programsOnString.RemoveDuplicateCharactersFromString" time="0.010" errors="0" timestamp="2023-12-11T16:18:40 IST" skipped="0">
  <testcase classname="programsOnString.RemoveDuplicateCharactersFromString" name="removeDuplicateCharactersFromString" time="0.010"/>
  <system-out/>
</testsuite> <!-- programsOnString.RemoveDuplicateCharactersFromString -->
