<?xml version="1.0" encoding="UTF-8"?>
<!-- Generated by org.testng.reporters.JUnitReportReporter -->
<testsuite hostname="LAPTOP-QHMIOBC5" failures="0" tests="1" name="programsOnArrays.ActionsOnArrayWithOutHashMap" time="0.012" errors="0" timestamp="2024-01-09T11:01:02 IST" skipped="0">
  <testcase classname="programsOnArrays.ActionsOnArrayWithOutHashMap" name="removeDuplicateNumbers" time="0.012"/>
  <system-out/>
</testsuite> <!-- programsOnArrays.ActionsOnArrayWithOutHashMap -->
