<?xml version="1.0" encoding="UTF-8"?>
<!-- Generated by org.testng.reporters.JUnitReportReporter -->
<testsuite hostname="LAPTOP-QHMIOBC5" failures="0" tests="1" name="programs_Patterns.Pattern6" time="0.014" errors="0" timestamp="2023-12-10T23:12:31 IST" skipped="0">
  <testcase classname="programs_Patterns.Pattern6" name="pattern6" time="0.014"/>
  <system-out/>
</testsuite> <!-- programs_Patterns.Pattern6 -->
