<?xml version="1.0" encoding="UTF-8"?>
<!-- Generated by org.testng.reporters.JUnitReportReporter -->
<testsuite hostname="LAPTOP-QHMIOBC5" failures="0" tests="1" name="programsOnArrays.FetchingMinAndmaxValuesFromArray" time="0.011" errors="0" timestamp="2023-12-11T16:17:33 IST" skipped="0">
  <testcase classname="programsOnArrays.FetchingMinAndmaxValuesFromArray" name="fetchingMinAndmaxValuesFromArray" time="0.011"/>
  <system-out/>
</testsuite> <!-- programsOnArrays.FetchingMinAndmaxValuesFromArray -->
