<?xml version="1.0" encoding="UTF-8"?>
<!-- Generated by org.testng.reporters.JUnitReportReporter -->
<testsuite hostname="LAPTOP-QHMIOBC5" failures="0" tests="1" name="programs_Patterns.Pattern2" time="0.015" errors="0" timestamp="2023-12-10T23:02:12 IST" skipped="0">
  <testcase classname="programs_Patterns.Pattern2" name="pattern" time="0.015"/>
  <system-out/>
</testsuite> <!-- programs_Patterns.Pattern2 -->
