<?xml version="1.0" encoding="UTF-8"?>
<!-- Generated by org.testng.reporters.JUnitReportReporter -->
<testsuite hostname="LAPTOP-QHMIOBC5" failures="0" tests="1" name="programs_Maths.FactorialOfNumber" time="0.011" errors="0" timestamp="2023-12-08T15:12:36 IST" skipped="0">
  <testcase classname="programs_Maths.FactorialOfNumber" name="factorialOfNumber" time="0.011"/>
  <system-out/>
</testsuite> <!-- programs_Maths.FactorialOfNumber -->
