<?xml version="1.0" encoding="UTF-8"?>
<!-- Generated by org.testng.reporters.JUnitReportReporter -->
<testsuite hostname="LAPTOP-QHMIOBC5" failures="0" tests="2" name="programsOnString.ReverseStringPrintNumbersWithSpace" time="0.012" errors="0" timestamp="2023-12-10T16:57:54 IST" skipped="0">
  <testcase classname="programsOnString.ReverseStringPrintNumbersWithSpace" name="reverseStringPrintNumbersWithSpace" time="0.010"/>
  <system-out/>
  <testcase classname="programsOnString.ReverseStringPrintNumbersWithSpace" name="reverseStringPrintNumbersWithSpace1" time="0.002"/>
  <system-out/>
</testsuite> <!-- programsOnString.ReverseStringPrintNumbersWithSpace -->
