<?xml version="1.0" encoding="UTF-8"?>
<!-- Generated by org.testng.reporters.JUnitReportReporter -->
<testsuite hostname="LAPTOP-QHMIOBC5" failures="0" tests="1" name="programsOnString.String_Palindrome" time="0.009" errors="0" timestamp="2023-12-07T10:24:44 IST" skipped="0">
  <testcase classname="programsOnString.String_Palindrome" name="string_Palindrome" time="0.009"/>
  <system-out/>
</testsuite> <!-- programsOnString.String_Palindrome -->
