<?xml version="1.0" encoding="UTF-8"?>
<!-- Generated by org.testng.reporters.JUnitReportReporter -->
<testsuite hostname="LAPTOP-QHMIOBC5" failures="0" tests="1" name="programsOnArrays.PrintTheDuplicateNumbersOfArrayWithThePosition" time="0.012" errors="0" timestamp="2024-01-10T23:31:54 IST" skipped="0">
  <testcase classname="programsOnArrays.PrintTheDuplicateNumbersOfArrayWithThePosition" name="method2" time="0.012"/>
  <system-out/>
</testsuite> <!-- programsOnArrays.PrintTheDuplicateNumbersOfArrayWithThePosition -->
