<?xml version="1.0" encoding="UTF-8"?>
<!-- Generated by org.testng.reporters.JUnitReportReporter -->
<testsuite hostname="LAPTOP-QHMIOBC5" failures="0" tests="1" name="programsOnArrays.SumOfFirstThreeMaxNumOfArray" time="0.012" errors="0" timestamp="2023-12-06T16:44:11 IST" skipped="0">
  <testcase classname="programsOnArrays.SumOfFirstThreeMaxNumOfArray" name="sumOfFirstThreeMaxNumInArray" time="0.012"/>
  <system-out/>
</testsuite> <!-- programsOnArrays.SumOfFirstThreeMaxNumOfArray -->
