<?xml version="1.0" encoding="UTF-8"?>
<!-- Generated by org.testng.reporters.JUnitReportReporter -->
<testsuite hostname="LAPTOP-QHMIOBC5" failures="0" tests="1" name="programs_Maths.FibonacciSeries" time="0.010" errors="0" timestamp="2023-12-08T15:04:15 IST" skipped="0">
  <testcase classname="programs_Maths.FibonacciSeries" name="fibonacciSeries" time="0.010"/>
  <system-out/>
</testsuite> <!-- programs_Maths.FibonacciSeries -->
