<?xml version="1.0" encoding="UTF-8"?>
<!-- Generated by org.testng.reporters.JUnitReportReporter -->
<testsuite hostname="LAPTOP-QHMIOBC5" failures="0" tests="1" name="programsOnArrays.FirstAndSecondMaxNumbersWithoutBubblesort" time="0.010" errors="0" timestamp="2024-01-11T15:01:11 IST" skipped="0">
  <testcase classname="programsOnArrays.FirstAndSecondMaxNumbersWithoutBubblesort" name="firstAndSecondMaxNumbersWithoutBubblesort" time="0.010"/>
  <system-out/>
</testsuite> <!-- programsOnArrays.FirstAndSecondMaxNumbersWithoutBubblesort -->
