<?xml version="1.0" encoding="UTF-8"?>
<!-- Generated by org.testng.reporters.JUnitReportReporter -->
<testsuite hostname="LAPTOP-QHMIOBC5" failures="0" tests="1" name="programsOnString.ReverseEachWordInString" time="0.010" errors="0" timestamp="2024-01-09T14:21:00 IST" skipped="0">
  <testcase classname="programsOnString.ReverseEachWordInString" name="reverseEachWordInString" time="0.010"/>
  <system-out/>
</testsuite> <!-- programsOnString.ReverseEachWordInString -->
