<?xml version="1.0" encoding="UTF-8"?>
<!-- Generated by org.testng.reporters.JUnitReportReporter -->
<testsuite hostname="LAPTOP-QHMIOBC5" failures="0" tests="1" name="programsOnArrays.AdditionOfSameIndexValuesOfArays" time="0.010" errors="0" timestamp="2023-12-13T18:15:15 IST" skipped="0">
  <testcase classname="programsOnArrays.AdditionOfSameIndexValuesOfArays" name="additionOfSameIndexValuesOfArays" time="0.010"/>
  <system-out/>
</testsuite> <!-- programsOnArrays.AdditionOfSameIndexValuesOfArays -->
