<?xml version="1.0" encoding="UTF-8"?>
<!-- Generated by org.testng.reporters.JUnitReportReporter -->
<testsuite hostname="LAPTOP-QHMIOBC5" failures="0" tests="1" name="o9Solutions.ProgramToIdentifyFrequencyOfOccurenceOfGivenStringInOtherString" time="0.010" errors="0" timestamp="2024-01-16T15:35:03 IST" skipped="0">
  <testcase classname="o9Solutions.ProgramToIdentifyFrequencyOfOccurenceOfGivenStringInOtherString" name="programToIdentifyFrequencyOfOccurenceOfGivenStringInOtherString" time="0.010"/>
  <system-out/>
</testsuite> <!-- o9Solutions.ProgramToIdentifyFrequencyOfOccurenceOfGivenStringInOtherString -->
