<?xml version="1.0" encoding="UTF-8"?>
<!-- Generated by org.testng.reporters.JUnitReportReporter -->
<testsuite hostname="LAPTOP-QHMIOBC5" failures="0" tests="1" name="programs_Patterns.Pattern3" time="0.011" errors="0" timestamp="2023-12-10T23:06:53 IST" skipped="0">
  <testcase classname="programs_Patterns.Pattern3" name="pattern3" time="0.011"/>
  <system-out/>
</testsuite> <!-- programs_Patterns.Pattern3 -->
