<?xml version="1.0" encoding="UTF-8"?>
<!-- Generated by org.testng.reporters.JUnitReportReporter -->
<testsuite hostname="LAPTOP-QHMIOBC5" failures="0" tests="1" name="programsOnString.OccuranceOfEachDigitInIntegerValue" time="0.009" errors="0" timestamp="2024-01-11T20:44:17 IST" skipped="0">
  <testcase classname="programsOnString.OccuranceOfEachDigitInIntegerValue" name="occuranceOfEachDigitInIntegerValue" time="0.009"/>
  <system-out/>
</testsuite> <!-- programsOnString.OccuranceOfEachDigitInIntegerValue -->
